[debug] [2025-01-16T03:40:08.302Z] ----------------------------------------------------------------------
[debug] [2025-01-16T03:40:08.306Z] Command:       /Users/fahadahmed/.nvm/versions/node/v22.12.0/bin/node /Users/fahadahmed/.nvm/versions/node/v22.12.0/bin/firebase init
[debug] [2025-01-16T03:40:08.307Z] CLI Version:   13.29.1
[debug] [2025-01-16T03:40:08.307Z] Platform:      darwin
[debug] [2025-01-16T03:40:08.307Z] Node Version:  v22.12.0
[debug] [2025-01-16T03:40:08.307Z] Time:          Thu Jan 16 2025 14:40:08 GMT+1100 (Australian Eastern Daylight Time)
[debug] [2025-01-16T03:40:08.307Z] ----------------------------------------------------------------------
[debug] 
[debug] [2025-01-16T03:40:08.312Z] > command requires scopes: ["email","openid","https://www.googleapis.com/auth/cloudplatformprojects.readonly","https://www.googleapis.com/auth/firebase","https://www.googleapis.com/auth/cloud-platform"]
[debug] [2025-01-16T03:40:08.312Z] > authorizing via signed-in user (contact@fhdamd.dev)
[info] 
     ######## #### ########  ######## ########     ###     ######  ########
     ##        ##  ##     ## ##       ##     ##  ##   ##  ##       ##
     ######    ##  ########  ######   ########  #########  ######  ######
     ##        ##  ##    ##  ##       ##     ## ##     ##       ## ##
     ##       #### ##     ## ######## ########  ##     ##  ######  ########

You're about to initialize a Firebase project in this directory:

  /Users/fahadahmed/development/2025/astro-firebase-mvp

[info] 
=== Project Setup
[info] 
[info] First, let's associate this project directory with a Firebase project.
[info] You can create multiple project aliases by running firebase use --add, 
[info] but for now we'll just set up a default project.
[info] 
[debug] [2025-01-16T03:40:25.695Z] Checked if tokens are valid: false, expires at: 1736991170424
[debug] [2025-01-16T03:40:25.695Z] Checked if tokens are valid: false, expires at: 1736991170424
[debug] [2025-01-16T03:40:25.695Z] > refreshing access token with scopes: []
[debug] [2025-01-16T03:40:25.697Z] >>> [apiv2][query] POST https://www.googleapis.com/oauth2/v3/token [none]
[debug] [2025-01-16T03:40:25.698Z] >>> [apiv2][body] POST https://www.googleapis.com/oauth2/v3/token [omitted]
[debug] [2025-01-16T03:40:26.360Z] <<< [apiv2][status] POST https://www.googleapis.com/oauth2/v3/token 200
[debug] [2025-01-16T03:40:26.360Z] <<< [apiv2][body] POST https://www.googleapis.com/oauth2/v3/token [omitted]
[debug] [2025-01-16T03:40:26.374Z] >>> [apiv2][query] GET https://firebase.googleapis.com/v1beta1/projects pageSize=100
[debug] [2025-01-16T03:40:27.688Z] <<< [apiv2][status] GET https://firebase.googleapis.com/v1beta1/projects 200
[debug] [2025-01-16T03:40:27.688Z] <<< [apiv2][body] GET https://firebase.googleapis.com/v1beta1/projects [omitted]
[info] i  Using project astro-firebase-mvp (astro-firebase-mvp) 
[info] 
=== Functions Setup
[debug] [2025-01-16T03:40:31.940Z] > command requires scopes: ["email","openid","https://www.googleapis.com/auth/cloudplatformprojects.readonly","https://www.googleapis.com/auth/firebase","https://www.googleapis.com/auth/cloud-platform"]
[debug] [2025-01-16T03:40:31.941Z] > authorizing via signed-in user (contact@fhdamd.dev)
[debug] [2025-01-16T03:40:31.941Z] [iam] checking project astro-firebase-mvp for permissions ["firebase.projects.get"]
[debug] [2025-01-16T03:40:31.941Z] Checked if tokens are valid: true, expires at: 1737002425360
[debug] [2025-01-16T03:40:31.941Z] Checked if tokens are valid: true, expires at: 1737002425360
[debug] [2025-01-16T03:40:31.941Z] >>> [apiv2][query] POST https://cloudresourcemanager.googleapis.com/v1/projects/astro-firebase-mvp:testIamPermissions [none]
[debug] [2025-01-16T03:40:31.941Z] >>> [apiv2][(partial)header] POST https://cloudresourcemanager.googleapis.com/v1/projects/astro-firebase-mvp:testIamPermissions x-goog-quota-user=projects/astro-firebase-mvp
[debug] [2025-01-16T03:40:31.941Z] >>> [apiv2][body] POST https://cloudresourcemanager.googleapis.com/v1/projects/astro-firebase-mvp:testIamPermissions {"permissions":["firebase.projects.get"]}
[debug] [2025-01-16T03:40:33.344Z] <<< [apiv2][status] POST https://cloudresourcemanager.googleapis.com/v1/projects/astro-firebase-mvp:testIamPermissions 200
[debug] [2025-01-16T03:40:33.345Z] <<< [apiv2][body] POST https://cloudresourcemanager.googleapis.com/v1/projects/astro-firebase-mvp:testIamPermissions {"permissions":["firebase.projects.get"]}
[debug] [2025-01-16T03:40:33.345Z] Checked if tokens are valid: true, expires at: 1737002425360
[debug] [2025-01-16T03:40:33.345Z] Checked if tokens are valid: true, expires at: 1737002425360
[debug] [2025-01-16T03:40:33.345Z] Checked if tokens are valid: true, expires at: 1737002425360
[debug] [2025-01-16T03:40:33.345Z] Checked if tokens are valid: true, expires at: 1737002425360
[debug] [2025-01-16T03:40:33.345Z] >>> [apiv2][query] GET https://serviceusage.googleapis.com/v1/projects/astro-firebase-mvp/services/cloudfunctions.googleapis.com [none]
[debug] [2025-01-16T03:40:33.345Z] >>> [apiv2][(partial)header] GET https://serviceusage.googleapis.com/v1/projects/astro-firebase-mvp/services/cloudfunctions.googleapis.com x-goog-quota-user=projects/astro-firebase-mvp
[debug] [2025-01-16T03:40:33.346Z] >>> [apiv2][query] GET https://serviceusage.googleapis.com/v1/projects/astro-firebase-mvp/services/runtimeconfig.googleapis.com [none]
[debug] [2025-01-16T03:40:33.346Z] >>> [apiv2][(partial)header] GET https://serviceusage.googleapis.com/v1/projects/astro-firebase-mvp/services/runtimeconfig.googleapis.com x-goog-quota-user=projects/astro-firebase-mvp
[debug] [2025-01-16T03:40:34.924Z] <<< [apiv2][status] GET https://serviceusage.googleapis.com/v1/projects/astro-firebase-mvp/services/runtimeconfig.googleapis.com 200
[debug] [2025-01-16T03:40:34.924Z] <<< [apiv2][body] GET https://serviceusage.googleapis.com/v1/projects/astro-firebase-mvp/services/runtimeconfig.googleapis.com [omitted]
[debug] [2025-01-16T03:40:34.925Z] <<< [apiv2][status] GET https://serviceusage.googleapis.com/v1/projects/astro-firebase-mvp/services/cloudfunctions.googleapis.com 200
[debug] [2025-01-16T03:40:34.925Z] <<< [apiv2][body] GET https://serviceusage.googleapis.com/v1/projects/astro-firebase-mvp/services/cloudfunctions.googleapis.com [omitted]
[debug] [2025-01-16T03:40:34.926Z] Checked if tokens are valid: true, expires at: 1737002425360
[debug] [2025-01-16T03:40:34.926Z] Checked if tokens are valid: true, expires at: 1737002425360
[debug] [2025-01-16T03:40:34.926Z] >>> [apiv2][query] POST https://serviceusage.googleapis.com/v1/projects/astro-firebase-mvp/services/cloudfunctions.googleapis.com:enable [none]
[debug] [2025-01-16T03:40:34.926Z] >>> [apiv2][(partial)header] POST https://serviceusage.googleapis.com/v1/projects/astro-firebase-mvp/services/cloudfunctions.googleapis.com:enable x-goog-quota-user=projects/astro-firebase-mvp
[debug] [2025-01-16T03:40:36.489Z] <<< [apiv2][status] POST https://serviceusage.googleapis.com/v1/projects/astro-firebase-mvp/services/cloudfunctions.googleapis.com:enable 200
[debug] [2025-01-16T03:40:36.489Z] <<< [apiv2][body] POST https://serviceusage.googleapis.com/v1/projects/astro-firebase-mvp/services/cloudfunctions.googleapis.com:enable [omitted]
[debug] [2025-01-16T03:40:46.489Z] Checked if tokens are valid: true, expires at: 1737002425360
[debug] [2025-01-16T03:40:46.489Z] Checked if tokens are valid: true, expires at: 1737002425360
[debug] [2025-01-16T03:40:46.489Z] >>> [apiv2][query] GET https://serviceusage.googleapis.com/v1/projects/astro-firebase-mvp/services/cloudfunctions.googleapis.com [none]
[debug] [2025-01-16T03:40:46.489Z] >>> [apiv2][(partial)header] GET https://serviceusage.googleapis.com/v1/projects/astro-firebase-mvp/services/cloudfunctions.googleapis.com x-goog-quota-user=projects/astro-firebase-mvp
[debug] [2025-01-16T03:40:47.817Z] <<< [apiv2][status] GET https://serviceusage.googleapis.com/v1/projects/astro-firebase-mvp/services/cloudfunctions.googleapis.com 200
[debug] [2025-01-16T03:40:47.817Z] <<< [apiv2][body] GET https://serviceusage.googleapis.com/v1/projects/astro-firebase-mvp/services/cloudfunctions.googleapis.com [omitted]
[info] Let's create a new codebase for your functions.
[info] A directory corresponding to the codebase will be created in your project
[info] with sample code pre-configured.

[info] See https://firebase.google.com/docs/functions/organize-functions for
[info] more information on organizing your functions using codebases.

[info] Functions can be deployed with firebase deploy.

[info] ✔  Wrote functions/package.json 
[info] ✔  Wrote functions/tsconfig.json 
[info] ✔  Wrote functions/src/index.ts 
[info] ✔  Wrote functions/.gitignore 
[info] 
=== Hosting Setup
[debug] [2025-01-16T03:40:58.328Z] Checked if tokens are valid: true, expires at: 1737002425360
[debug] [2025-01-16T03:40:58.328Z] Checked if tokens are valid: true, expires at: 1737002425360
[debug] [2025-01-16T03:40:58.328Z] >>> [apiv2][query] GET https://firebase.googleapis.com/v1beta1/projects/astro-firebase-mvp [none]
[debug] [2025-01-16T03:40:59.194Z] <<< [apiv2][status] GET https://firebase.googleapis.com/v1beta1/projects/astro-firebase-mvp 200
[debug] [2025-01-16T03:40:59.194Z] <<< [apiv2][body] GET https://firebase.googleapis.com/v1beta1/projects/astro-firebase-mvp {"projectId":"astro-firebase-mvp","projectNumber":"100181279070","displayName":"astro-firebase-mvp","name":"projects/astro-firebase-mvp","resources":{"hostingSite":"astro-firebase-mvp"},"state":"ACTIVE","etag":"1_32e2c785-6668-4449-ba8e-ad1f4d7c9835"}
[info] 
[info] i  Didn't detect a .git folder. Assuming /Users/fahadahmed/development/2025/astro-firebase-mvp is the project root. 
[info] i  Authorizing with GitHub to upload your service account to a GitHub repository's secrets store. 
[info] 
[info] Visit this URL on this device to log in:
[info] https://github.com/login/oauth/authorize?client_id=89cf50f02ac6aaed3484&state=272570519&redirect_uri=http%3A%2F%2Flocalhost%3A9005&scope=read%3Auser%20repo%20public_repo
[info] 
[info] Waiting for authentication...
[debug] [2025-01-16T03:41:33.116Z] >>> [apiv2][query] POST https://github.com/login/oauth/access_token [none]
[debug] [2025-01-16T03:41:33.116Z] >>> [apiv2][body] POST https://github.com/login/oauth/access_token [stream]
[debug] [2025-01-16T03:41:33.486Z] <<< [apiv2][status] POST https://github.com/login/oauth/access_token 200
[debug] [2025-01-16T03:41:33.487Z] <<< [apiv2][body] POST https://github.com/login/oauth/access_token {"access_token":"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","token_type":"bearer","scope":"read:user,repo"}
[debug] [2025-01-16T03:41:33.493Z] >>> [apiv2][query] GET https://api.github.com/user [none]
[debug] [2025-01-16T03:41:34.007Z] <<< [apiv2][status] GET https://api.github.com/user 200
[debug] [2025-01-16T03:41:34.007Z] <<< [apiv2][body] GET https://api.github.com/user {"login":"fahadahmed","id":1190340,"node_id":"MDQ6VXNlcjExOTAzNDA=","avatar_url":"https://avatars.githubusercontent.com/u/1190340?v=4","gravatar_id":"","url":"https://api.github.com/users/fahadahmed","html_url":"https://github.com/fahadahmed","followers_url":"https://api.github.com/users/fahadahmed/followers","following_url":"https://api.github.com/users/fahadahmed/following{/other_user}","gists_url":"https://api.github.com/users/fahadahmed/gists{/gist_id}","starred_url":"https://api.github.com/users/fahadahmed/starred{/owner}{/repo}","subscriptions_url":"https://api.github.com/users/fahadahmed/subscriptions","organizations_url":"https://api.github.com/users/fahadahmed/orgs","repos_url":"https://api.github.com/users/fahadahmed/repos","events_url":"https://api.github.com/users/fahadahmed/events{/privacy}","received_events_url":"https://api.github.com/users/fahadahmed/received_events","type":"User","user_view_type":"private","site_admin":false,"name":"Fahad Ahmed","company":"@ey-spacetech","blog":"https://fhdamd.dev","location":"Melbourne, Australia","email":"fahad.ahmed@me.com","hireable":true,"bio":"Manager (Fullstack Development) @ey-spacetech ","twitter_username":"_fhdamd","notification_email":"fahad.ahmed@me.com","public_repos":61,"public_gists":16,"followers":12,"following":12,"created_at":"2011-11-12T13:35:52Z","updated_at":"2025-01-14T02:51:45Z","private_gists":0,"total_private_repos":8,"owned_private_repos":8,"disk_usage":197254,"collaborators":1,"two_factor_authentication":true,"plan":{"name":"free","space":976562499,"collaborators":0,"private_repos":10000}}
[info] 
[info] ✔  Success! Logged into GitHub as fahadahmed 
[info] 
